2025-09-13 14:00:55,986 - pipeline.pipeline_manager - INFO - Running stage: discovery
2025-09-13 14:01:52,414 - pipeline.pipeline_manager - INFO - Running stage: discovery
2025-09-13 14:01:52,424 - stages.discovery_stage - INFO - Starting discovery for: https://www.robertleelawoffices.com
2025-09-13 14:01:52,901 - analyzer.website_analyzer - INFO - Analyzing website: https://www.robertleelawoffices.com
2025-09-13 14:01:53,562 - analyzer.website_analyzer - INFO - Starting smart crawl to discover all content...
2025-09-13 14:01:53,562 - analyzer.smart_crawler - INFO - Checking for sitemap.xml...
2025-09-13 14:01:53,768 - analyzer.smart_crawler - INFO - Found 13 URLs in sitemap
2025-09-13 14:01:53,768 - analyzer.smart_crawler - INFO - Checking for WordPress...
2025-09-13 14:01:53,911 - analyzer.smart_crawler - INFO - Checking common page patterns...
2025-09-13 14:01:55,817 - analyzer.smart_crawler - INFO - Extracting navigation links...
2025-09-13 14:01:55,939 - analyzer.smart_crawler - INFO - Looking for service pages...
2025-09-13 14:01:55,940 - analyzer.website_analyzer - INFO - Analyzing 1 service pages...
2025-09-13 14:01:56,047 - analyzer.website_analyzer - INFO - Found 1 services
2025-09-13 14:01:56,047 - analyzer.website_analyzer - INFO - Analyzing 6 about pages...
2025-09-13 14:01:56,493 - analyzer.website_analyzer - INFO - Total pages discovered: 10
2025-09-13 14:01:56,494 - analyzer.business_detector - INFO - Detecting business type from website content...
2025-09-13 14:01:56,494 - analyzer.business_detector - INFO - Detected business type: law_firm (confidence: 20)
2025-09-13 14:01:56,712 - stages.discovery_stage - INFO - Enhanced service discovery found 3 services
2025-09-13 14:01:56,714 - stages.discovery_stage - INFO - Discovery report generated: output\robert_lee_test\discovery\discovery_report.md
2025-09-13 14:01:56,718 - pipeline.pipeline_manager - INFO - Pipeline state saved for project: robert_lee_test
2025-09-13 14:01:56,718 - pipeline.pipeline_manager - INFO - Checkpoint reached for stage: discovery
2025-09-13 14:04:32,950 - pipeline.pipeline_manager - INFO - Running stage: discovery
2025-09-13 14:04:32,956 - stages.discovery_stage - INFO - Starting discovery for: https://www.robertleelawoffices.com
2025-09-13 14:04:33,431 - analyzer.website_analyzer - INFO - Analyzing website: https://www.robertleelawoffices.com
2025-09-13 14:04:34,776 - analyzer.website_analyzer - INFO - Starting smart crawl to discover all content...
2025-09-13 14:04:34,776 - analyzer.smart_crawler - INFO - Checking for sitemap.xml...
2025-09-13 14:04:35,128 - analyzer.smart_crawler - INFO - Found 13 URLs in sitemap
2025-09-13 14:04:35,128 - analyzer.smart_crawler - INFO - Checking for WordPress...
2025-09-13 14:04:35,437 - analyzer.smart_crawler - INFO - Checking common page patterns...
2025-09-13 14:04:36,906 - analyzer.smart_crawler - INFO - Extracting navigation links...
2025-09-13 14:04:37,185 - analyzer.smart_crawler - INFO - Looking for service pages...
2025-09-13 14:04:37,187 - analyzer.website_analyzer - INFO - Analyzing 1 service pages...
2025-09-13 14:04:37,293 - analyzer.website_analyzer - INFO - Found 1 services
2025-09-13 14:04:37,294 - analyzer.website_analyzer - INFO - Analyzing 6 about pages...
2025-09-13 14:04:37,714 - analyzer.website_analyzer - INFO - Total pages discovered: 10
2025-09-13 14:04:37,715 - analyzer.business_detector - INFO - Detecting business type from website content...
2025-09-13 14:04:37,716 - analyzer.business_detector - INFO - Detected business type: law_firm (confidence: 20)
2025-09-13 14:04:37,926 - stages.discovery_stage - INFO - Enhanced service discovery found 3 services
2025-09-13 14:04:37,928 - stages.discovery_stage - INFO - Discovery report generated: output\my_law_firm\discovery\discovery_report.md
2025-09-13 14:04:37,932 - pipeline.pipeline_manager - INFO - Pipeline state saved for project: my_law_firm
2025-09-13 14:04:37,933 - pipeline.pipeline_manager - INFO - Checkpoint reached for stage: discovery
